24 Dec 18:09:14,736 INFO - fileName = resources/gallopReporter.properties 
24 Dec 18:09:14,745 INFO - key = clientName 
24 Dec 18:09:14,747 INFO - fileName = resources/gallopReporter.properties 
24 Dec 18:09:14,748 INFO - key = deviceName 
24 Dec 18:09:14,750 INFO - fileName = resources/gallopReporter.properties 
24 Dec 18:09:14,751 INFO - key = iterationMode 
24 Dec 18:09:14,753 INFO - fileName = resources/gallopReporter.properties 
24 Dec 18:09:14,754 INFO - key = suiteName 
24 Dec 18:09:14,755 INFO - fileName = resources/gallopReporter.properties 
24 Dec 18:09:14,756 INFO - key = onErrorAction 
24 Dec 18:09:14,758 INFO - fileName = resources/gallopReporter.properties 
24 Dec 18:09:14,759 INFO - key = singleThreadExecution 
24 Dec 18:09:14,761 INFO - fileName = resources/gallopReporter.properties 
24 Dec 18:09:14,762 INFO - key = AUT 
24 Dec 18:09:14,764 INFO - fileName = resources/gallopReporter.properties 
24 Dec 18:09:14,766 INFO - key = baseUrl 
24 Dec 18:09:14,769 INFO - fileName = resources/gallopReporter.properties 
24 Dec 18:09:14,770 INFO - key = baseUrl2 
24 Dec 18:09:14,771 INFO - fileName = resources/gallopReporter.properties 
24 Dec 18:09:14,772 INFO - key = Waittime 
24 Dec 18:09:14,773 INFO - fileName = resources/gallopReporter.properties 
24 Dec 18:09:14,773 INFO - key = browserName 
24 Dec 18:09:14,774 INFO - fileName = resources/gallopReporter.properties 
24 Dec 18:09:14,775 INFO - key = version 
24 Dec 18:09:14,776 INFO - fileName = resources/gallopReporter.properties 
24 Dec 18:09:14,777 INFO - key = platform 
24 Dec 18:09:14,778 INFO - fileName = resources/gallopReporter.properties 
24 Dec 18:09:14,779 INFO - key = reportFormat 
24 Dec 18:09:14,781 INFO - fileName = resources/gallopReporter.properties 
24 Dec 18:09:14,782 INFO - key = locationResult 
24 Dec 18:09:14,783 INFO - fileName = resources/gallopReporter.properties 
24 Dec 18:09:14,784 INFO - key = folderScreenShot 
24 Dec 18:09:14,785 INFO - fileName = resources/gallopReporter.properties 
24 Dec 18:09:14,791 INFO - key = onSuccessScreenshot 
24 Dec 18:09:14,792 INFO - fileName = resources/gallopReporter.properties 
24 Dec 18:09:14,793 INFO - key = userName 
24 Dec 18:09:14,795 INFO - fileName = resources/gallopReporter.properties 
24 Dec 18:09:14,795 INFO - key = accessKey 
24 Dec 18:09:14,796 INFO - fileName = resources/gallopReporter.properties 
24 Dec 18:09:14,797 INFO - key = cloudImplicitWait 
24 Dec 18:09:14,798 INFO - fileName = resources/gallopReporter.properties 
24 Dec 18:09:14,798 INFO - key = cloudPageLoadTimeOut 
24 Dec 18:09:14,799 INFO - fileName = resources/gallopReporter.properties 
24 Dec 18:09:14,799 INFO - key = locationCssFolder 
24 Dec 18:09:14,800 INFO - fileName = resources/gallopReporter.properties 
24 Dec 18:09:14,801 INFO - key = locationJsFolder 
24 Dec 18:09:14,802 INFO - fileName = resources/gallopReporter.properties 
24 Dec 18:09:14,802 INFO - key = locationImagesFolder 
24 Dec 18:09:14,803 INFO - fileName = resources/gallopReporter.properties 
24 Dec 18:09:14,803 INFO - key = lowLevelLogging 
24 Dec 18:09:14,804 INFO - fileName = resources/gallopReporter.properties 
24 Dec 18:09:14,805 INFO - key = scriptLevelLogging 
24 Dec 18:09:14,806 INFO - fileName = resources/gallopReporter.properties 
24 Dec 18:09:14,806 INFO - key = updateJira 
24 Dec 18:10:05,438 INFO - fileName = resources/gallopReporter.properties 
24 Dec 18:10:05,445 INFO - key = clientName 
24 Dec 18:10:05,447 INFO - fileName = resources/gallopReporter.properties 
24 Dec 18:10:05,448 INFO - key = deviceName 
24 Dec 18:10:05,449 INFO - fileName = resources/gallopReporter.properties 
24 Dec 18:10:05,451 INFO - key = iterationMode 
24 Dec 18:10:05,452 INFO - fileName = resources/gallopReporter.properties 
24 Dec 18:10:05,453 INFO - key = suiteName 
24 Dec 18:10:05,455 INFO - fileName = resources/gallopReporter.properties 
24 Dec 18:10:05,456 INFO - key = onErrorAction 
24 Dec 18:10:05,457 INFO - fileName = resources/gallopReporter.properties 
24 Dec 18:10:05,457 INFO - key = singleThreadExecution 
24 Dec 18:10:05,458 INFO - fileName = resources/gallopReporter.properties 
24 Dec 18:10:05,459 INFO - key = AUT 
24 Dec 18:10:05,460 INFO - fileName = resources/gallopReporter.properties 
24 Dec 18:10:05,460 INFO - key = baseUrl 
24 Dec 18:10:05,461 INFO - fileName = resources/gallopReporter.properties 
24 Dec 18:10:05,461 INFO - key = baseUrl2 
24 Dec 18:10:05,463 INFO - fileName = resources/gallopReporter.properties 
24 Dec 18:10:05,464 INFO - key = Waittime 
24 Dec 18:10:05,465 INFO - fileName = resources/gallopReporter.properties 
24 Dec 18:10:05,465 INFO - key = browserName 
24 Dec 18:10:05,467 INFO - fileName = resources/gallopReporter.properties 
24 Dec 18:10:05,467 INFO - key = version 
24 Dec 18:10:05,469 INFO - fileName = resources/gallopReporter.properties 
24 Dec 18:10:05,471 INFO - key = platform 
24 Dec 18:10:05,472 INFO - fileName = resources/gallopReporter.properties 
24 Dec 18:10:05,473 INFO - key = reportFormat 
24 Dec 18:10:05,474 INFO - fileName = resources/gallopReporter.properties 
24 Dec 18:10:05,475 INFO - key = locationResult 
24 Dec 18:10:05,477 INFO - fileName = resources/gallopReporter.properties 
24 Dec 18:10:05,477 INFO - key = folderScreenShot 
24 Dec 18:10:05,479 INFO - fileName = resources/gallopReporter.properties 
24 Dec 18:10:05,480 INFO - key = onSuccessScreenshot 
24 Dec 18:10:05,485 INFO - fileName = resources/gallopReporter.properties 
24 Dec 18:10:05,486 INFO - key = userName 
24 Dec 18:10:05,487 INFO - fileName = resources/gallopReporter.properties 
24 Dec 18:10:05,487 INFO - key = accessKey 
24 Dec 18:10:05,488 INFO - fileName = resources/gallopReporter.properties 
24 Dec 18:10:05,489 INFO - key = cloudImplicitWait 
24 Dec 18:10:05,491 INFO - fileName = resources/gallopReporter.properties 
24 Dec 18:10:05,491 INFO - key = cloudPageLoadTimeOut 
24 Dec 18:10:05,493 INFO - fileName = resources/gallopReporter.properties 
24 Dec 18:10:05,493 INFO - key = locationCssFolder 
24 Dec 18:10:05,495 INFO - fileName = resources/gallopReporter.properties 
24 Dec 18:10:05,495 INFO - key = locationJsFolder 
24 Dec 18:10:05,497 INFO - fileName = resources/gallopReporter.properties 
24 Dec 18:10:05,497 INFO - key = locationImagesFolder 
24 Dec 18:10:05,500 INFO - fileName = resources/gallopReporter.properties 
24 Dec 18:10:05,500 INFO - key = lowLevelLogging 
24 Dec 18:10:05,502 INFO - fileName = resources/gallopReporter.properties 
24 Dec 18:10:05,502 INFO - key = scriptLevelLogging 
24 Dec 18:10:05,506 INFO - fileName = resources/gallopReporter.properties 
24 Dec 18:10:05,507 INFO - key = updateJira 
24 Dec 18:14:14,041 INFO - fileName = resources/gallopReporter.properties 
24 Dec 18:14:14,054 INFO - key = clientName 
24 Dec 18:14:14,056 INFO - fileName = resources/gallopReporter.properties 
24 Dec 18:14:14,057 INFO - key = deviceName 
24 Dec 18:14:14,059 INFO - fileName = resources/gallopReporter.properties 
24 Dec 18:14:14,064 INFO - key = iterationMode 
24 Dec 18:14:14,066 INFO - fileName = resources/gallopReporter.properties 
24 Dec 18:14:14,067 INFO - key = suiteName 
24 Dec 18:14:14,069 INFO - fileName = resources/gallopReporter.properties 
24 Dec 18:14:14,069 INFO - key = onErrorAction 
24 Dec 18:14:14,070 INFO - fileName = resources/gallopReporter.properties 
24 Dec 18:14:14,071 INFO - key = singleThreadExecution 
24 Dec 18:14:14,072 INFO - fileName = resources/gallopReporter.properties 
24 Dec 18:14:14,072 INFO - key = AUT 
24 Dec 18:14:14,073 INFO - fileName = resources/gallopReporter.properties 
24 Dec 18:14:14,074 INFO - key = baseUrl 
24 Dec 18:14:14,075 INFO - fileName = resources/gallopReporter.properties 
24 Dec 18:14:14,075 INFO - key = baseUrl2 
24 Dec 18:14:14,077 INFO - fileName = resources/gallopReporter.properties 
24 Dec 18:14:14,078 INFO - key = Waittime 
24 Dec 18:14:14,079 INFO - fileName = resources/gallopReporter.properties 
24 Dec 18:14:14,079 INFO - key = browserName 
24 Dec 18:14:14,080 INFO - fileName = resources/gallopReporter.properties 
24 Dec 18:14:14,081 INFO - key = version 
24 Dec 18:14:14,081 INFO - fileName = resources/gallopReporter.properties 
24 Dec 18:14:14,082 INFO - key = platform 
24 Dec 18:14:14,083 INFO - fileName = resources/gallopReporter.properties 
24 Dec 18:14:14,084 INFO - key = reportFormat 
24 Dec 18:14:14,086 INFO - fileName = resources/gallopReporter.properties 
24 Dec 18:14:14,087 INFO - key = locationResult 
24 Dec 18:14:14,088 INFO - fileName = resources/gallopReporter.properties 
24 Dec 18:14:14,089 INFO - key = folderScreenShot 
24 Dec 18:14:14,090 INFO - fileName = resources/gallopReporter.properties 
24 Dec 18:14:14,090 INFO - key = onSuccessScreenshot 
24 Dec 18:14:14,096 INFO - fileName = resources/gallopReporter.properties 
24 Dec 18:14:14,097 INFO - key = userName 
24 Dec 18:14:14,098 INFO - fileName = resources/gallopReporter.properties 
24 Dec 18:14:14,099 INFO - key = accessKey 
24 Dec 18:14:14,100 INFO - fileName = resources/gallopReporter.properties 
24 Dec 18:14:14,100 INFO - key = cloudImplicitWait 
24 Dec 18:14:14,101 INFO - fileName = resources/gallopReporter.properties 
24 Dec 18:14:14,102 INFO - key = cloudPageLoadTimeOut 
24 Dec 18:14:14,104 INFO - fileName = resources/gallopReporter.properties 
24 Dec 18:14:14,104 INFO - key = locationCssFolder 
24 Dec 18:14:14,105 INFO - fileName = resources/gallopReporter.properties 
24 Dec 18:14:14,106 INFO - key = locationJsFolder 
24 Dec 18:14:14,107 INFO - fileName = resources/gallopReporter.properties 
24 Dec 18:14:14,108 INFO - key = locationImagesFolder 
24 Dec 18:14:14,109 INFO - fileName = resources/gallopReporter.properties 
24 Dec 18:14:14,110 INFO - key = lowLevelLogging 
24 Dec 18:14:14,111 INFO - fileName = resources/gallopReporter.properties 
24 Dec 18:14:14,112 INFO - key = scriptLevelLogging 
24 Dec 18:14:14,113 INFO - fileName = resources/gallopReporter.properties 
24 Dec 18:14:14,114 INFO - key = updateJira 
24 Dec 18:47:52,420 INFO - fileName = resources/gallopReporter.properties 
24 Dec 18:47:52,426 INFO - key = clientName 
24 Dec 18:47:52,429 INFO - fileName = resources/gallopReporter.properties 
24 Dec 18:47:52,430 INFO - key = deviceName 
24 Dec 18:47:52,434 INFO - fileName = resources/gallopReporter.properties 
24 Dec 18:47:52,435 INFO - key = iterationMode 
24 Dec 18:47:52,437 INFO - fileName = resources/gallopReporter.properties 
24 Dec 18:47:52,438 INFO - key = suiteName 
24 Dec 18:47:52,441 INFO - fileName = resources/gallopReporter.properties 
24 Dec 18:47:52,441 INFO - key = onErrorAction 
24 Dec 18:47:52,444 INFO - fileName = resources/gallopReporter.properties 
24 Dec 18:47:52,444 INFO - key = singleThreadExecution 
24 Dec 18:47:52,446 INFO - fileName = resources/gallopReporter.properties 
24 Dec 18:47:52,447 INFO - key = AUT 
24 Dec 18:47:52,449 INFO - fileName = resources/gallopReporter.properties 
24 Dec 18:47:52,449 INFO - key = baseUrl 
24 Dec 18:47:52,451 INFO - fileName = resources/gallopReporter.properties 
24 Dec 18:47:52,452 INFO - key = baseUrl2 
24 Dec 18:47:52,454 INFO - fileName = resources/gallopReporter.properties 
24 Dec 18:47:52,454 INFO - key = Waittime 
24 Dec 18:47:52,456 INFO - fileName = resources/gallopReporter.properties 
24 Dec 18:47:52,457 INFO - key = browserName 
24 Dec 18:47:52,459 INFO - fileName = resources/gallopReporter.properties 
24 Dec 18:47:52,459 INFO - key = version 
24 Dec 18:47:52,462 INFO - fileName = resources/gallopReporter.properties 
24 Dec 18:47:52,463 INFO - key = platform 
24 Dec 18:47:52,466 INFO - fileName = resources/gallopReporter.properties 
24 Dec 18:47:52,467 INFO - key = reportFormat 
24 Dec 18:47:52,470 INFO - fileName = resources/gallopReporter.properties 
24 Dec 18:47:52,471 INFO - key = locationResult 
24 Dec 18:47:52,473 INFO - fileName = resources/gallopReporter.properties 
24 Dec 18:47:52,473 INFO - key = folderScreenShot 
24 Dec 18:47:52,475 INFO - fileName = resources/gallopReporter.properties 
24 Dec 18:47:52,476 INFO - key = onSuccessScreenshot 
24 Dec 18:47:52,478 INFO - fileName = resources/gallopReporter.properties 
24 Dec 18:47:52,484 INFO - key = userName 
24 Dec 18:47:52,486 INFO - fileName = resources/gallopReporter.properties 
24 Dec 18:47:52,487 INFO - key = accessKey 
24 Dec 18:47:52,489 INFO - fileName = resources/gallopReporter.properties 
24 Dec 18:47:52,489 INFO - key = cloudImplicitWait 
24 Dec 18:47:52,491 INFO - fileName = resources/gallopReporter.properties 
24 Dec 18:47:52,492 INFO - key = cloudPageLoadTimeOut 
24 Dec 18:47:52,493 INFO - fileName = resources/gallopReporter.properties 
24 Dec 18:47:52,494 INFO - key = locationCssFolder 
24 Dec 18:47:52,496 INFO - fileName = resources/gallopReporter.properties 
24 Dec 18:47:52,497 INFO - key = locationJsFolder 
24 Dec 18:47:52,499 INFO - fileName = resources/gallopReporter.properties 
24 Dec 18:47:52,500 INFO - key = locationImagesFolder 
24 Dec 18:47:52,503 INFO - fileName = resources/gallopReporter.properties 
24 Dec 18:47:52,504 INFO - key = lowLevelLogging 
24 Dec 18:47:52,505 INFO - fileName = resources/gallopReporter.properties 
24 Dec 18:47:52,506 INFO - key = scriptLevelLogging 
24 Dec 18:47:52,508 INFO - fileName = resources/gallopReporter.properties 
24 Dec 18:47:52,509 INFO - key = updateJira 
24 Dec 18:52:34,129 INFO - fileName = resources/gallopReporter.properties 
24 Dec 18:52:34,134 INFO - key = clientName 
24 Dec 18:52:34,138 INFO - fileName = resources/gallopReporter.properties 
24 Dec 18:52:34,139 INFO - key = deviceName 
24 Dec 18:52:34,142 INFO - fileName = resources/gallopReporter.properties 
24 Dec 18:52:34,142 INFO - key = iterationMode 
24 Dec 18:52:34,146 INFO - fileName = resources/gallopReporter.properties 
24 Dec 18:52:34,147 INFO - key = suiteName 
24 Dec 18:52:34,151 INFO - fileName = resources/gallopReporter.properties 
24 Dec 18:52:34,152 INFO - key = onErrorAction 
24 Dec 18:52:34,154 INFO - fileName = resources/gallopReporter.properties 
24 Dec 18:52:34,154 INFO - key = singleThreadExecution 
24 Dec 18:52:34,156 INFO - fileName = resources/gallopReporter.properties 
24 Dec 18:52:34,157 INFO - key = AUT 
24 Dec 18:52:34,159 INFO - fileName = resources/gallopReporter.properties 
24 Dec 18:52:34,159 INFO - key = baseUrl 
24 Dec 18:52:34,161 INFO - fileName = resources/gallopReporter.properties 
24 Dec 18:52:34,161 INFO - key = baseUrl2 
24 Dec 18:52:34,163 INFO - fileName = resources/gallopReporter.properties 
24 Dec 18:52:34,164 INFO - key = Waittime 
24 Dec 18:52:34,166 INFO - fileName = resources/gallopReporter.properties 
24 Dec 18:52:34,167 INFO - key = browserName 
24 Dec 18:52:34,170 INFO - fileName = resources/gallopReporter.properties 
24 Dec 18:52:34,170 INFO - key = version 
24 Dec 18:52:34,173 INFO - fileName = resources/gallopReporter.properties 
24 Dec 18:52:34,174 INFO - key = platform 
24 Dec 18:52:34,176 INFO - fileName = resources/gallopReporter.properties 
24 Dec 18:52:34,177 INFO - key = reportFormat 
24 Dec 18:52:34,179 INFO - fileName = resources/gallopReporter.properties 
24 Dec 18:52:34,179 INFO - key = locationResult 
24 Dec 18:52:34,181 INFO - fileName = resources/gallopReporter.properties 
24 Dec 18:52:34,182 INFO - key = folderScreenShot 
24 Dec 18:52:34,183 INFO - fileName = resources/gallopReporter.properties 
24 Dec 18:52:34,184 INFO - key = onSuccessScreenshot 
24 Dec 18:52:34,186 INFO - fileName = resources/gallopReporter.properties 
24 Dec 18:52:34,190 INFO - key = userName 
24 Dec 18:52:34,192 INFO - fileName = resources/gallopReporter.properties 
24 Dec 18:52:34,193 INFO - key = accessKey 
24 Dec 18:52:34,194 INFO - fileName = resources/gallopReporter.properties 
24 Dec 18:52:34,195 INFO - key = cloudImplicitWait 
24 Dec 18:52:34,197 INFO - fileName = resources/gallopReporter.properties 
24 Dec 18:52:34,197 INFO - key = cloudPageLoadTimeOut 
24 Dec 18:52:34,199 INFO - fileName = resources/gallopReporter.properties 
24 Dec 18:52:34,199 INFO - key = locationCssFolder 
24 Dec 18:52:34,201 INFO - fileName = resources/gallopReporter.properties 
24 Dec 18:52:34,202 INFO - key = locationJsFolder 
24 Dec 18:52:34,206 INFO - fileName = resources/gallopReporter.properties 
24 Dec 18:52:34,207 INFO - key = locationImagesFolder 
24 Dec 18:52:34,211 INFO - fileName = resources/gallopReporter.properties 
24 Dec 18:52:34,211 INFO - key = lowLevelLogging 
24 Dec 18:52:34,215 INFO - fileName = resources/gallopReporter.properties 
24 Dec 18:52:34,216 INFO - key = scriptLevelLogging 
24 Dec 18:52:34,223 INFO - fileName = resources/gallopReporter.properties 
24 Dec 18:52:34,229 INFO - key = updateJira 
24 Dec 19:00:52,921 INFO - fileName = resources/gallopReporter.properties 
24 Dec 19:00:52,926 INFO - key = clientName 
24 Dec 19:00:52,930 INFO - fileName = resources/gallopReporter.properties 
24 Dec 19:00:52,931 INFO - key = deviceName 
24 Dec 19:00:52,933 INFO - fileName = resources/gallopReporter.properties 
24 Dec 19:00:52,934 INFO - key = iterationMode 
24 Dec 19:00:52,938 INFO - fileName = resources/gallopReporter.properties 
24 Dec 19:00:52,939 INFO - key = suiteName 
24 Dec 19:00:52,941 INFO - fileName = resources/gallopReporter.properties 
24 Dec 19:00:52,942 INFO - key = onErrorAction 
24 Dec 19:00:52,944 INFO - fileName = resources/gallopReporter.properties 
24 Dec 19:00:52,944 INFO - key = singleThreadExecution 
24 Dec 19:00:52,946 INFO - fileName = resources/gallopReporter.properties 
24 Dec 19:00:52,946 INFO - key = AUT 
24 Dec 19:00:52,948 INFO - fileName = resources/gallopReporter.properties 
24 Dec 19:00:52,949 INFO - key = baseUrl 
24 Dec 19:00:52,950 INFO - fileName = resources/gallopReporter.properties 
24 Dec 19:00:52,951 INFO - key = baseUrl2 
24 Dec 19:00:52,954 INFO - fileName = resources/gallopReporter.properties 
24 Dec 19:00:52,954 INFO - key = Waittime 
24 Dec 19:00:52,957 INFO - fileName = resources/gallopReporter.properties 
24 Dec 19:00:52,957 INFO - key = browserName 
24 Dec 19:00:52,960 INFO - fileName = resources/gallopReporter.properties 
24 Dec 19:00:52,961 INFO - key = version 
24 Dec 19:00:52,964 INFO - fileName = resources/gallopReporter.properties 
24 Dec 19:00:52,964 INFO - key = platform 
24 Dec 19:00:52,967 INFO - fileName = resources/gallopReporter.properties 
24 Dec 19:00:52,968 INFO - key = reportFormat 
24 Dec 19:00:52,970 INFO - fileName = resources/gallopReporter.properties 
24 Dec 19:00:52,971 INFO - key = locationResult 
24 Dec 19:00:52,973 INFO - fileName = resources/gallopReporter.properties 
24 Dec 19:00:52,974 INFO - key = folderScreenShot 
24 Dec 19:00:52,976 INFO - fileName = resources/gallopReporter.properties 
24 Dec 19:00:52,977 INFO - key = onSuccessScreenshot 
24 Dec 19:00:52,979 INFO - fileName = resources/gallopReporter.properties 
24 Dec 19:00:52,984 INFO - key = userName 
24 Dec 19:00:52,986 INFO - fileName = resources/gallopReporter.properties 
24 Dec 19:00:52,986 INFO - key = accessKey 
24 Dec 19:00:52,989 INFO - fileName = resources/gallopReporter.properties 
24 Dec 19:00:52,990 INFO - key = cloudImplicitWait 
24 Dec 19:00:52,992 INFO - fileName = resources/gallopReporter.properties 
24 Dec 19:00:52,993 INFO - key = cloudPageLoadTimeOut 
24 Dec 19:00:52,996 INFO - fileName = resources/gallopReporter.properties 
24 Dec 19:00:52,996 INFO - key = locationCssFolder 
24 Dec 19:00:52,998 INFO - fileName = resources/gallopReporter.properties 
24 Dec 19:00:52,999 INFO - key = locationJsFolder 
24 Dec 19:00:53,002 INFO - fileName = resources/gallopReporter.properties 
24 Dec 19:00:53,003 INFO - key = locationImagesFolder 
24 Dec 19:00:53,005 INFO - fileName = resources/gallopReporter.properties 
24 Dec 19:00:53,006 INFO - key = lowLevelLogging 
24 Dec 19:00:53,009 INFO - fileName = resources/gallopReporter.properties 
24 Dec 19:00:53,010 INFO - key = scriptLevelLogging 
24 Dec 19:00:53,014 INFO - fileName = resources/gallopReporter.properties 
24 Dec 19:00:53,025 INFO - key = updateJira 
24 Dec 19:02:00,939 INFO - fileName = resources/gallopReporter.properties 
24 Dec 19:02:00,945 INFO - key = clientName 
24 Dec 19:02:00,948 INFO - fileName = resources/gallopReporter.properties 
24 Dec 19:02:00,949 INFO - key = deviceName 
24 Dec 19:02:00,951 INFO - fileName = resources/gallopReporter.properties 
24 Dec 19:02:00,952 INFO - key = iterationMode 
24 Dec 19:02:00,955 INFO - fileName = resources/gallopReporter.properties 
24 Dec 19:02:00,956 INFO - key = suiteName 
24 Dec 19:02:00,958 INFO - fileName = resources/gallopReporter.properties 
24 Dec 19:02:00,959 INFO - key = onErrorAction 
24 Dec 19:02:00,961 INFO - fileName = resources/gallopReporter.properties 
24 Dec 19:02:00,961 INFO - key = singleThreadExecution 
24 Dec 19:02:00,963 INFO - fileName = resources/gallopReporter.properties 
24 Dec 19:02:00,963 INFO - key = AUT 
24 Dec 19:02:00,965 INFO - fileName = resources/gallopReporter.properties 
24 Dec 19:02:00,966 INFO - key = baseUrl 
24 Dec 19:02:00,967 INFO - fileName = resources/gallopReporter.properties 
24 Dec 19:02:00,968 INFO - key = baseUrl2 
24 Dec 19:02:00,970 INFO - fileName = resources/gallopReporter.properties 
24 Dec 19:02:00,970 INFO - key = Waittime 
24 Dec 19:02:00,972 INFO - fileName = resources/gallopReporter.properties 
24 Dec 19:02:00,973 INFO - key = browserName 
24 Dec 19:02:00,975 INFO - fileName = resources/gallopReporter.properties 
24 Dec 19:02:00,975 INFO - key = version 
24 Dec 19:02:00,978 INFO - fileName = resources/gallopReporter.properties 
24 Dec 19:02:00,978 INFO - key = platform 
24 Dec 19:02:00,981 INFO - fileName = resources/gallopReporter.properties 
24 Dec 19:02:00,982 INFO - key = reportFormat 
24 Dec 19:02:00,985 INFO - fileName = resources/gallopReporter.properties 
24 Dec 19:02:00,997 INFO - key = locationResult 
24 Dec 19:02:01,000 INFO - fileName = resources/gallopReporter.properties 
24 Dec 19:02:01,001 INFO - key = folderScreenShot 
24 Dec 19:02:01,003 INFO - fileName = resources/gallopReporter.properties 
24 Dec 19:02:01,003 INFO - key = onSuccessScreenshot 
24 Dec 19:02:01,006 INFO - fileName = resources/gallopReporter.properties 
24 Dec 19:02:01,010 INFO - key = userName 
24 Dec 19:02:01,012 INFO - fileName = resources/gallopReporter.properties 
24 Dec 19:02:01,013 INFO - key = accessKey 
24 Dec 19:02:01,016 INFO - fileName = resources/gallopReporter.properties 
24 Dec 19:02:01,016 INFO - key = cloudImplicitWait 
24 Dec 19:02:01,019 INFO - fileName = resources/gallopReporter.properties 
24 Dec 19:02:01,019 INFO - key = cloudPageLoadTimeOut 
24 Dec 19:02:01,021 INFO - fileName = resources/gallopReporter.properties 
24 Dec 19:02:01,022 INFO - key = locationCssFolder 
24 Dec 19:02:01,024 INFO - fileName = resources/gallopReporter.properties 
24 Dec 19:02:01,025 INFO - key = locationJsFolder 
24 Dec 19:02:01,027 INFO - fileName = resources/gallopReporter.properties 
24 Dec 19:02:01,027 INFO - key = locationImagesFolder 
24 Dec 19:02:01,029 INFO - fileName = resources/gallopReporter.properties 
24 Dec 19:02:01,030 INFO - key = lowLevelLogging 
24 Dec 19:02:01,032 INFO - fileName = resources/gallopReporter.properties 
24 Dec 19:02:01,032 INFO - key = scriptLevelLogging 
24 Dec 19:02:01,034 INFO - fileName = resources/gallopReporter.properties 
24 Dec 19:02:01,035 INFO - key = updateJira 
24 Dec 19:02:56,799 INFO - fileName = resources/gallopReporter.properties 
24 Dec 19:02:56,805 INFO - key = clientName 
24 Dec 19:02:56,808 INFO - fileName = resources/gallopReporter.properties 
24 Dec 19:02:56,809 INFO - key = deviceName 
24 Dec 19:02:56,812 INFO - fileName = resources/gallopReporter.properties 
24 Dec 19:02:56,813 INFO - key = iterationMode 
24 Dec 19:02:56,815 INFO - fileName = resources/gallopReporter.properties 
24 Dec 19:02:56,816 INFO - key = suiteName 
24 Dec 19:02:56,818 INFO - fileName = resources/gallopReporter.properties 
24 Dec 19:02:56,818 INFO - key = onErrorAction 
24 Dec 19:02:56,820 INFO - fileName = resources/gallopReporter.properties 
24 Dec 19:02:56,821 INFO - key = singleThreadExecution 
24 Dec 19:02:56,823 INFO - fileName = resources/gallopReporter.properties 
24 Dec 19:02:56,823 INFO - key = AUT 
24 Dec 19:02:56,825 INFO - fileName = resources/gallopReporter.properties 
24 Dec 19:02:56,825 INFO - key = baseUrl 
24 Dec 19:02:56,827 INFO - fileName = resources/gallopReporter.properties 
24 Dec 19:02:56,827 INFO - key = baseUrl2 
24 Dec 19:02:56,829 INFO - fileName = resources/gallopReporter.properties 
24 Dec 19:02:56,830 INFO - key = Waittime 
24 Dec 19:02:56,834 INFO - fileName = resources/gallopReporter.properties 
24 Dec 19:02:56,835 INFO - key = browserName 
24 Dec 19:02:56,838 INFO - fileName = resources/gallopReporter.properties 
24 Dec 19:02:56,839 INFO - key = version 
24 Dec 19:02:56,844 INFO - fileName = resources/gallopReporter.properties 
24 Dec 19:02:56,845 INFO - key = platform 
24 Dec 19:02:56,847 INFO - fileName = resources/gallopReporter.properties 
24 Dec 19:02:56,848 INFO - key = reportFormat 
24 Dec 19:02:56,855 INFO - fileName = resources/gallopReporter.properties 
24 Dec 19:02:56,855 INFO - key = locationResult 
24 Dec 19:02:56,857 INFO - fileName = resources/gallopReporter.properties 
24 Dec 19:02:56,858 INFO - key = folderScreenShot 
24 Dec 19:02:56,861 INFO - fileName = resources/gallopReporter.properties 
24 Dec 19:02:56,862 INFO - key = onSuccessScreenshot 
24 Dec 19:02:56,864 INFO - fileName = resources/gallopReporter.properties 
24 Dec 19:02:56,868 INFO - key = userName 
24 Dec 19:02:56,871 INFO - fileName = resources/gallopReporter.properties 
24 Dec 19:02:56,871 INFO - key = accessKey 
24 Dec 19:02:56,873 INFO - fileName = resources/gallopReporter.properties 
24 Dec 19:02:56,874 INFO - key = cloudImplicitWait 
24 Dec 19:02:56,877 INFO - fileName = resources/gallopReporter.properties 
24 Dec 19:02:56,881 INFO - key = cloudPageLoadTimeOut 
24 Dec 19:02:56,883 INFO - fileName = resources/gallopReporter.properties 
24 Dec 19:02:56,884 INFO - key = locationCssFolder 
24 Dec 19:02:56,887 INFO - fileName = resources/gallopReporter.properties 
24 Dec 19:02:56,889 INFO - key = locationJsFolder 
24 Dec 19:02:56,894 INFO - fileName = resources/gallopReporter.properties 
24 Dec 19:02:56,895 INFO - key = locationImagesFolder 
24 Dec 19:02:56,897 INFO - fileName = resources/gallopReporter.properties 
24 Dec 19:02:56,898 INFO - key = lowLevelLogging 
24 Dec 19:02:56,900 INFO - fileName = resources/gallopReporter.properties 
24 Dec 19:02:56,900 INFO - key = scriptLevelLogging 
24 Dec 19:02:56,903 INFO - fileName = resources/gallopReporter.properties 
24 Dec 19:02:56,904 INFO - key = updateJira 
24 Dec 19:04:18,951 INFO - fileName = resources/gallopReporter.properties 
24 Dec 19:04:18,957 INFO - key = clientName 
24 Dec 19:04:18,961 INFO - fileName = resources/gallopReporter.properties 
24 Dec 19:04:18,962 INFO - key = deviceName 
24 Dec 19:04:18,966 INFO - fileName = resources/gallopReporter.properties 
24 Dec 19:04:18,967 INFO - key = iterationMode 
24 Dec 19:04:18,969 INFO - fileName = resources/gallopReporter.properties 
24 Dec 19:04:18,969 INFO - key = suiteName 
24 Dec 19:04:18,972 INFO - fileName = resources/gallopReporter.properties 
24 Dec 19:04:18,972 INFO - key = onErrorAction 
24 Dec 19:04:18,975 INFO - fileName = resources/gallopReporter.properties 
24 Dec 19:04:18,975 INFO - key = singleThreadExecution 
24 Dec 19:04:18,977 INFO - fileName = resources/gallopReporter.properties 
24 Dec 19:04:18,978 INFO - key = AUT 
24 Dec 19:04:18,979 INFO - fileName = resources/gallopReporter.properties 
24 Dec 19:04:18,980 INFO - key = baseUrl 
24 Dec 19:04:18,982 INFO - fileName = resources/gallopReporter.properties 
24 Dec 19:04:18,982 INFO - key = baseUrl2 
24 Dec 19:04:18,984 INFO - fileName = resources/gallopReporter.properties 
24 Dec 19:04:18,984 INFO - key = Waittime 
24 Dec 19:04:18,986 INFO - fileName = resources/gallopReporter.properties 
24 Dec 19:04:18,987 INFO - key = browserName 
24 Dec 19:04:18,989 INFO - fileName = resources/gallopReporter.properties 
24 Dec 19:04:18,989 INFO - key = version 
24 Dec 19:04:18,992 INFO - fileName = resources/gallopReporter.properties 
24 Dec 19:04:18,992 INFO - key = platform 
24 Dec 19:04:18,994 INFO - fileName = resources/gallopReporter.properties 
24 Dec 19:04:18,995 INFO - key = reportFormat 
24 Dec 19:04:18,996 INFO - fileName = resources/gallopReporter.properties 
24 Dec 19:04:18,997 INFO - key = locationResult 
24 Dec 19:04:18,999 INFO - fileName = resources/gallopReporter.properties 
24 Dec 19:04:19,000 INFO - key = folderScreenShot 
24 Dec 19:04:19,002 INFO - fileName = resources/gallopReporter.properties 
24 Dec 19:04:19,003 INFO - key = onSuccessScreenshot 
24 Dec 19:04:19,005 INFO - fileName = resources/gallopReporter.properties 
24 Dec 19:04:19,009 INFO - key = userName 
24 Dec 19:04:19,011 INFO - fileName = resources/gallopReporter.properties 
24 Dec 19:04:19,012 INFO - key = accessKey 
24 Dec 19:04:19,014 INFO - fileName = resources/gallopReporter.properties 
24 Dec 19:04:19,015 INFO - key = cloudImplicitWait 
24 Dec 19:04:19,018 INFO - fileName = resources/gallopReporter.properties 
24 Dec 19:04:19,018 INFO - key = cloudPageLoadTimeOut 
24 Dec 19:04:19,020 INFO - fileName = resources/gallopReporter.properties 
24 Dec 19:04:19,021 INFO - key = locationCssFolder 
24 Dec 19:04:19,023 INFO - fileName = resources/gallopReporter.properties 
24 Dec 19:04:19,024 INFO - key = locationJsFolder 
24 Dec 19:04:19,027 INFO - fileName = resources/gallopReporter.properties 
24 Dec 19:04:19,027 INFO - key = locationImagesFolder 
24 Dec 19:04:19,030 INFO - fileName = resources/gallopReporter.properties 
24 Dec 19:04:19,030 INFO - key = lowLevelLogging 
24 Dec 19:04:19,033 INFO - fileName = resources/gallopReporter.properties 
24 Dec 19:04:19,034 INFO - key = scriptLevelLogging 
24 Dec 19:04:19,037 INFO - fileName = resources/gallopReporter.properties 
24 Dec 19:04:19,038 INFO - key = updateJira 
24 Dec 19:05:17,833 INFO - fileName = resources/gallopReporter.properties 
24 Dec 19:05:17,839 INFO - key = clientName 
24 Dec 19:05:17,842 INFO - fileName = resources/gallopReporter.properties 
24 Dec 19:05:17,843 INFO - key = deviceName 
24 Dec 19:05:17,847 INFO - fileName = resources/gallopReporter.properties 
24 Dec 19:05:17,848 INFO - key = iterationMode 
24 Dec 19:05:17,851 INFO - fileName = resources/gallopReporter.properties 
24 Dec 19:05:17,853 INFO - key = suiteName 
24 Dec 19:05:17,856 INFO - fileName = resources/gallopReporter.properties 
24 Dec 19:05:17,856 INFO - key = onErrorAction 
24 Dec 19:05:17,858 INFO - fileName = resources/gallopReporter.properties 
24 Dec 19:05:17,859 INFO - key = singleThreadExecution 
24 Dec 19:05:17,862 INFO - fileName = resources/gallopReporter.properties 
24 Dec 19:05:17,863 INFO - key = AUT 
24 Dec 19:05:17,865 INFO - fileName = resources/gallopReporter.properties 
24 Dec 19:05:17,866 INFO - key = baseUrl 
24 Dec 19:05:17,869 INFO - fileName = resources/gallopReporter.properties 
24 Dec 19:05:17,869 INFO - key = baseUrl2 
24 Dec 19:05:17,871 INFO - fileName = resources/gallopReporter.properties 
24 Dec 19:05:17,872 INFO - key = Waittime 
24 Dec 19:05:17,874 INFO - fileName = resources/gallopReporter.properties 
24 Dec 19:05:17,875 INFO - key = browserName 
24 Dec 19:05:17,878 INFO - fileName = resources/gallopReporter.properties 
24 Dec 19:05:17,879 INFO - key = version 
24 Dec 19:05:17,882 INFO - fileName = resources/gallopReporter.properties 
24 Dec 19:05:17,883 INFO - key = platform 
24 Dec 19:05:17,885 INFO - fileName = resources/gallopReporter.properties 
24 Dec 19:05:17,886 INFO - key = reportFormat 
24 Dec 19:05:17,888 INFO - fileName = resources/gallopReporter.properties 
24 Dec 19:05:17,889 INFO - key = locationResult 
24 Dec 19:05:17,891 INFO - fileName = resources/gallopReporter.properties 
24 Dec 19:05:17,891 INFO - key = folderScreenShot 
24 Dec 19:05:17,893 INFO - fileName = resources/gallopReporter.properties 
24 Dec 19:05:17,894 INFO - key = onSuccessScreenshot 
24 Dec 19:05:17,896 INFO - fileName = resources/gallopReporter.properties 
24 Dec 19:05:17,900 INFO - key = userName 
24 Dec 19:05:17,902 INFO - fileName = resources/gallopReporter.properties 
24 Dec 19:05:17,903 INFO - key = accessKey 
24 Dec 19:05:17,906 INFO - fileName = resources/gallopReporter.properties 
24 Dec 19:05:17,907 INFO - key = cloudImplicitWait 
24 Dec 19:05:17,910 INFO - fileName = resources/gallopReporter.properties 
24 Dec 19:05:17,911 INFO - key = cloudPageLoadTimeOut 
24 Dec 19:05:17,922 INFO - fileName = resources/gallopReporter.properties 
24 Dec 19:05:17,923 INFO - key = locationCssFolder 
24 Dec 19:05:17,926 INFO - fileName = resources/gallopReporter.properties 
24 Dec 19:05:17,927 INFO - key = locationJsFolder 
24 Dec 19:05:17,930 INFO - fileName = resources/gallopReporter.properties 
24 Dec 19:05:17,930 INFO - key = locationImagesFolder 
24 Dec 19:05:17,933 INFO - fileName = resources/gallopReporter.properties 
24 Dec 19:05:17,934 INFO - key = lowLevelLogging 
24 Dec 19:05:17,936 INFO - fileName = resources/gallopReporter.properties 
24 Dec 19:05:17,937 INFO - key = scriptLevelLogging 
24 Dec 19:05:17,939 INFO - fileName = resources/gallopReporter.properties 
24 Dec 19:05:17,940 INFO - key = updateJira 
24 Dec 19:07:33,037 INFO - fileName = resources/gallopReporter.properties 
24 Dec 19:07:33,044 INFO - key = clientName 
24 Dec 19:07:33,047 INFO - fileName = resources/gallopReporter.properties 
24 Dec 19:07:33,047 INFO - key = deviceName 
24 Dec 19:07:33,050 INFO - fileName = resources/gallopReporter.properties 
24 Dec 19:07:33,051 INFO - key = iterationMode 
24 Dec 19:07:33,053 INFO - fileName = resources/gallopReporter.properties 
24 Dec 19:07:33,054 INFO - key = suiteName 
24 Dec 19:07:33,057 INFO - fileName = resources/gallopReporter.properties 
24 Dec 19:07:33,057 INFO - key = onErrorAction 
24 Dec 19:07:33,059 INFO - fileName = resources/gallopReporter.properties 
24 Dec 19:07:33,059 INFO - key = singleThreadExecution 
24 Dec 19:07:33,061 INFO - fileName = resources/gallopReporter.properties 
24 Dec 19:07:33,061 INFO - key = AUT 
24 Dec 19:07:33,062 INFO - fileName = resources/gallopReporter.properties 
24 Dec 19:07:33,063 INFO - key = baseUrl 
24 Dec 19:07:33,064 INFO - fileName = resources/gallopReporter.properties 
24 Dec 19:07:33,064 INFO - key = baseUrl2 
24 Dec 19:07:33,066 INFO - fileName = resources/gallopReporter.properties 
24 Dec 19:07:33,067 INFO - key = Waittime 
24 Dec 19:07:33,068 INFO - fileName = resources/gallopReporter.properties 
24 Dec 19:07:33,069 INFO - key = browserName 
24 Dec 19:07:33,071 INFO - fileName = resources/gallopReporter.properties 
24 Dec 19:07:33,071 INFO - key = version 
24 Dec 19:07:33,073 INFO - fileName = resources/gallopReporter.properties 
24 Dec 19:07:33,073 INFO - key = platform 
24 Dec 19:07:33,074 INFO - fileName = resources/gallopReporter.properties 
24 Dec 19:07:33,075 INFO - key = reportFormat 
24 Dec 19:07:33,076 INFO - fileName = resources/gallopReporter.properties 
24 Dec 19:07:33,077 INFO - key = locationResult 
24 Dec 19:07:33,078 INFO - fileName = resources/gallopReporter.properties 
24 Dec 19:07:33,078 INFO - key = folderScreenShot 
24 Dec 19:07:33,080 INFO - fileName = resources/gallopReporter.properties 
24 Dec 19:07:33,080 INFO - key = onSuccessScreenshot 
24 Dec 19:07:33,081 INFO - fileName = resources/gallopReporter.properties 
24 Dec 19:07:33,084 INFO - key = userName 
24 Dec 19:07:33,086 INFO - fileName = resources/gallopReporter.properties 
24 Dec 19:07:33,087 INFO - key = accessKey 
24 Dec 19:07:33,089 INFO - fileName = resources/gallopReporter.properties 
24 Dec 19:07:33,089 INFO - key = cloudImplicitWait 
24 Dec 19:07:33,091 INFO - fileName = resources/gallopReporter.properties 
24 Dec 19:07:33,091 INFO - key = cloudPageLoadTimeOut 
24 Dec 19:07:33,093 INFO - fileName = resources/gallopReporter.properties 
24 Dec 19:07:33,093 INFO - key = locationCssFolder 
24 Dec 19:07:33,095 INFO - fileName = resources/gallopReporter.properties 
24 Dec 19:07:33,096 INFO - key = locationJsFolder 
24 Dec 19:07:33,097 INFO - fileName = resources/gallopReporter.properties 
24 Dec 19:07:33,098 INFO - key = locationImagesFolder 
24 Dec 19:07:33,100 INFO - fileName = resources/gallopReporter.properties 
24 Dec 19:07:33,100 INFO - key = lowLevelLogging 
24 Dec 19:07:33,102 INFO - fileName = resources/gallopReporter.properties 
24 Dec 19:07:33,102 INFO - key = scriptLevelLogging 
24 Dec 19:07:33,110 INFO - fileName = resources/gallopReporter.properties 
24 Dec 19:07:33,118 INFO - key = updateJira 
24 Dec 19:08:28,668 INFO - fileName = resources/gallopReporter.properties 
24 Dec 19:08:28,672 INFO - key = clientName 
24 Dec 19:08:28,675 INFO - fileName = resources/gallopReporter.properties 
24 Dec 19:08:28,676 INFO - key = deviceName 
24 Dec 19:08:28,678 INFO - fileName = resources/gallopReporter.properties 
24 Dec 19:08:28,679 INFO - key = iterationMode 
24 Dec 19:08:28,682 INFO - fileName = resources/gallopReporter.properties 
24 Dec 19:08:28,682 INFO - key = suiteName 
24 Dec 19:08:28,684 INFO - fileName = resources/gallopReporter.properties 
24 Dec 19:08:28,685 INFO - key = onErrorAction 
24 Dec 19:08:28,687 INFO - fileName = resources/gallopReporter.properties 
24 Dec 19:08:28,687 INFO - key = singleThreadExecution 
24 Dec 19:08:28,689 INFO - fileName = resources/gallopReporter.properties 
24 Dec 19:08:28,689 INFO - key = AUT 
24 Dec 19:08:28,691 INFO - fileName = resources/gallopReporter.properties 
24 Dec 19:08:28,692 INFO - key = baseUrl 
24 Dec 19:08:28,694 INFO - fileName = resources/gallopReporter.properties 
24 Dec 19:08:28,695 INFO - key = baseUrl2 
24 Dec 19:08:28,697 INFO - fileName = resources/gallopReporter.properties 
24 Dec 19:08:28,698 INFO - key = Waittime 
24 Dec 19:08:28,700 INFO - fileName = resources/gallopReporter.properties 
24 Dec 19:08:28,701 INFO - key = browserName 
24 Dec 19:08:28,704 INFO - fileName = resources/gallopReporter.properties 
24 Dec 19:08:28,705 INFO - key = version 
24 Dec 19:08:28,708 INFO - fileName = resources/gallopReporter.properties 
24 Dec 19:08:28,709 INFO - key = platform 
24 Dec 19:08:28,712 INFO - fileName = resources/gallopReporter.properties 
24 Dec 19:08:28,712 INFO - key = reportFormat 
24 Dec 19:08:28,715 INFO - fileName = resources/gallopReporter.properties 
24 Dec 19:08:28,715 INFO - key = locationResult 
24 Dec 19:08:28,717 INFO - fileName = resources/gallopReporter.properties 
24 Dec 19:08:28,718 INFO - key = folderScreenShot 
24 Dec 19:08:28,720 INFO - fileName = resources/gallopReporter.properties 
24 Dec 19:08:28,720 INFO - key = onSuccessScreenshot 
24 Dec 19:08:28,722 INFO - fileName = resources/gallopReporter.properties 
24 Dec 19:08:28,727 INFO - key = userName 
24 Dec 19:08:28,729 INFO - fileName = resources/gallopReporter.properties 
24 Dec 19:08:28,730 INFO - key = accessKey 
24 Dec 19:08:28,732 INFO - fileName = resources/gallopReporter.properties 
24 Dec 19:08:28,733 INFO - key = cloudImplicitWait 
24 Dec 19:08:28,736 INFO - fileName = resources/gallopReporter.properties 
24 Dec 19:08:28,736 INFO - key = cloudPageLoadTimeOut 
24 Dec 19:08:28,738 INFO - fileName = resources/gallopReporter.properties 
24 Dec 19:08:28,739 INFO - key = locationCssFolder 
24 Dec 19:08:28,741 INFO - fileName = resources/gallopReporter.properties 
24 Dec 19:08:28,742 INFO - key = locationJsFolder 
24 Dec 19:08:28,745 INFO - fileName = resources/gallopReporter.properties 
24 Dec 19:08:28,746 INFO - key = locationImagesFolder 
24 Dec 19:08:28,749 INFO - fileName = resources/gallopReporter.properties 
24 Dec 19:08:28,749 INFO - key = lowLevelLogging 
24 Dec 19:08:28,752 INFO - fileName = resources/gallopReporter.properties 
24 Dec 19:08:28,753 INFO - key = scriptLevelLogging 
24 Dec 19:08:28,756 INFO - fileName = resources/gallopReporter.properties 
24 Dec 19:08:28,756 INFO - key = updateJira 
24 Dec 19:09:44,381 INFO - fileName = resources/gallopReporter.properties 
24 Dec 19:09:44,391 INFO - key = clientName 
24 Dec 19:09:44,396 INFO - fileName = resources/gallopReporter.properties 
24 Dec 19:09:44,397 INFO - key = deviceName 
24 Dec 19:09:44,401 INFO - fileName = resources/gallopReporter.properties 
24 Dec 19:09:44,402 INFO - key = iterationMode 
24 Dec 19:09:44,406 INFO - fileName = resources/gallopReporter.properties 
24 Dec 19:09:44,407 INFO - key = suiteName 
24 Dec 19:09:44,414 INFO - fileName = resources/gallopReporter.properties 
24 Dec 19:09:44,415 INFO - key = onErrorAction 
24 Dec 19:09:44,420 INFO - fileName = resources/gallopReporter.properties 
24 Dec 19:09:44,421 INFO - key = singleThreadExecution 
24 Dec 19:09:44,424 INFO - fileName = resources/gallopReporter.properties 
24 Dec 19:09:44,425 INFO - key = AUT 
24 Dec 19:09:44,428 INFO - fileName = resources/gallopReporter.properties 
24 Dec 19:09:44,429 INFO - key = baseUrl 
24 Dec 19:09:44,432 INFO - fileName = resources/gallopReporter.properties 
24 Dec 19:09:44,433 INFO - key = baseUrl2 
24 Dec 19:09:44,437 INFO - fileName = resources/gallopReporter.properties 
24 Dec 19:09:44,437 INFO - key = Waittime 
24 Dec 19:09:44,441 INFO - fileName = resources/gallopReporter.properties 
24 Dec 19:09:44,443 INFO - key = browserName 
24 Dec 19:09:44,446 INFO - fileName = resources/gallopReporter.properties 
24 Dec 19:09:44,447 INFO - key = version 
24 Dec 19:09:44,450 INFO - fileName = resources/gallopReporter.properties 
24 Dec 19:09:44,451 INFO - key = platform 
24 Dec 19:09:44,454 INFO - fileName = resources/gallopReporter.properties 
24 Dec 19:09:44,455 INFO - key = reportFormat 
24 Dec 19:09:44,458 INFO - fileName = resources/gallopReporter.properties 
24 Dec 19:09:44,460 INFO - key = locationResult 
24 Dec 19:09:44,463 INFO - fileName = resources/gallopReporter.properties 
24 Dec 19:09:44,464 INFO - key = folderScreenShot 
24 Dec 19:09:44,467 INFO - fileName = resources/gallopReporter.properties 
24 Dec 19:09:44,468 INFO - key = onSuccessScreenshot 
24 Dec 19:09:44,471 INFO - fileName = resources/gallopReporter.properties 
24 Dec 19:09:44,479 INFO - key = userName 
24 Dec 19:09:44,483 INFO - fileName = resources/gallopReporter.properties 
24 Dec 19:09:44,484 INFO - key = accessKey 
24 Dec 19:09:44,488 INFO - fileName = resources/gallopReporter.properties 
24 Dec 19:09:44,490 INFO - key = cloudImplicitWait 
24 Dec 19:09:44,496 INFO - fileName = resources/gallopReporter.properties 
24 Dec 19:09:44,497 INFO - key = cloudPageLoadTimeOut 
24 Dec 19:09:44,501 INFO - fileName = resources/gallopReporter.properties 
24 Dec 19:09:44,502 INFO - key = locationCssFolder 
24 Dec 19:09:44,534 INFO - fileName = resources/gallopReporter.properties 
24 Dec 19:09:44,541 INFO - key = locationJsFolder 
24 Dec 19:09:44,547 INFO - fileName = resources/gallopReporter.properties 
24 Dec 19:09:44,548 INFO - key = locationImagesFolder 
24 Dec 19:09:44,554 INFO - fileName = resources/gallopReporter.properties 
24 Dec 19:09:44,555 INFO - key = lowLevelLogging 
24 Dec 19:09:44,557 INFO - fileName = resources/gallopReporter.properties 
24 Dec 19:09:44,557 INFO - key = scriptLevelLogging 
24 Dec 19:09:44,574 INFO - fileName = resources/gallopReporter.properties 
24 Dec 19:09:44,606 INFO - key = updateJira 
24 Dec 19:10:28,862 INFO - fileName = resources/gallopReporter.properties 
24 Dec 19:10:28,870 INFO - key = clientName 
24 Dec 19:10:28,875 INFO - fileName = resources/gallopReporter.properties 
24 Dec 19:10:28,876 INFO - key = deviceName 
24 Dec 19:10:28,880 INFO - fileName = resources/gallopReporter.properties 
24 Dec 19:10:28,881 INFO - key = iterationMode 
24 Dec 19:10:28,886 INFO - fileName = resources/gallopReporter.properties 
24 Dec 19:10:28,886 INFO - key = suiteName 
24 Dec 19:10:28,889 INFO - fileName = resources/gallopReporter.properties 
24 Dec 19:10:28,890 INFO - key = onErrorAction 
24 Dec 19:10:28,892 INFO - fileName = resources/gallopReporter.properties 
24 Dec 19:10:28,892 INFO - key = singleThreadExecution 
24 Dec 19:10:28,894 INFO - fileName = resources/gallopReporter.properties 
24 Dec 19:10:28,894 INFO - key = AUT 
24 Dec 19:10:28,896 INFO - fileName = resources/gallopReporter.properties 
24 Dec 19:10:28,897 INFO - key = baseUrl 
24 Dec 19:10:28,898 INFO - fileName = resources/gallopReporter.properties 
24 Dec 19:10:28,899 INFO - key = baseUrl2 
24 Dec 19:10:28,901 INFO - fileName = resources/gallopReporter.properties 
24 Dec 19:10:28,901 INFO - key = Waittime 
24 Dec 19:10:28,903 INFO - fileName = resources/gallopReporter.properties 
24 Dec 19:10:28,904 INFO - key = browserName 
24 Dec 19:10:28,906 INFO - fileName = resources/gallopReporter.properties 
24 Dec 19:10:28,907 INFO - key = version 
24 Dec 19:10:28,909 INFO - fileName = resources/gallopReporter.properties 
24 Dec 19:10:28,909 INFO - key = platform 
24 Dec 19:10:28,911 INFO - fileName = resources/gallopReporter.properties 
24 Dec 19:10:28,912 INFO - key = reportFormat 
24 Dec 19:10:28,914 INFO - fileName = resources/gallopReporter.properties 
24 Dec 19:10:28,914 INFO - key = locationResult 
24 Dec 19:10:28,916 INFO - fileName = resources/gallopReporter.properties 
24 Dec 19:10:28,916 INFO - key = folderScreenShot 
24 Dec 19:10:28,918 INFO - fileName = resources/gallopReporter.properties 
24 Dec 19:10:28,919 INFO - key = onSuccessScreenshot 
24 Dec 19:10:28,921 INFO - fileName = resources/gallopReporter.properties 
24 Dec 19:10:28,925 INFO - key = userName 
24 Dec 19:10:28,927 INFO - fileName = resources/gallopReporter.properties 
24 Dec 19:10:28,927 INFO - key = accessKey 
24 Dec 19:10:28,929 INFO - fileName = resources/gallopReporter.properties 
24 Dec 19:10:28,930 INFO - key = cloudImplicitWait 
24 Dec 19:10:28,931 INFO - fileName = resources/gallopReporter.properties 
24 Dec 19:10:28,932 INFO - key = cloudPageLoadTimeOut 
24 Dec 19:10:28,934 INFO - fileName = resources/gallopReporter.properties 
24 Dec 19:10:28,934 INFO - key = locationCssFolder 
24 Dec 19:10:28,937 INFO - fileName = resources/gallopReporter.properties 
24 Dec 19:10:28,938 INFO - key = locationJsFolder 
24 Dec 19:10:28,941 INFO - fileName = resources/gallopReporter.properties 
24 Dec 19:10:28,942 INFO - key = locationImagesFolder 
24 Dec 19:10:28,945 INFO - fileName = resources/gallopReporter.properties 
24 Dec 19:10:28,946 INFO - key = lowLevelLogging 
24 Dec 19:10:28,948 INFO - fileName = resources/gallopReporter.properties 
24 Dec 19:10:28,949 INFO - key = scriptLevelLogging 
24 Dec 19:10:28,952 INFO - fileName = resources/gallopReporter.properties 
24 Dec 19:10:28,953 INFO - key = updateJira 
24 Dec 20:35:36,528 INFO -  
24 Dec 20:35:36,534 INFO - Enter text in Email Address: Unable to type on Email Address 
24 Dec 20:35:41,536 INFO -  
24 Dec 20:35:41,537 INFO - Enter text in Re-enter Email address: Unable to type on Re-enter Email address 
24 Dec 20:35:46,538 INFO -  
24 Dec 20:35:46,539 INFO - Enter text in Password value: Unable to type on Password value 
24 Dec 20:46:27,429 INFO - Enter text in Email Address: Unable to type on Email Address 
24 Dec 20:46:47,830 INFO - Enter text in Re-enter Email address: Unable to type on Re-enter Email address 
24 Dec 20:46:59,886 INFO - Enter text in Password value: Unable to type on Password value 
24 Dec 22:40:59,996 INFO -  
24 Dec 22:42:37,406 INFO -  
